---
driver=<class 'textual.drivers.linux_driver.LinuxDriver'>
Mount() >>> HoverApp(title='Textual Application')
Mount() >>> DockView(name='DockView#1')
Enter() >>> Hover(name='Hover#8')
Leave() >>> Hover(name='Hover#8')
Enter() >>> Hover(name='Hover#9')
Leave() >>> Hover(name='Hover#9')
Enter() >>> Hover(name='Hover#8')
Leave() >>> Hover(name='Hover#8')
Enter() >>> Hover(name='Hover#7')
Leave() >>> Hover(name='Hover#7')
Enter() >>> Hover(name='Hover#5')
Leave() >>> Hover(name='Hover#5')
Enter() >>> Hover(name='Hover#4')
Leave() >>> Hover(name='Hover#4')
Enter() >>> Hover(name='Hover#2')
Leave() >>> Hover(name='Hover#2')
Enter() >>> Hover(name='Hover#1')
Leave() >>> Hover(name='Hover#1')
Enter() >>> Hover(name='Hover#2')
Leave() >>> Hover(name='Hover#2')
Enter() >>> Hover(name='Hover#3')
Leave() >>> Hover(name='Hover#3')
Enter() >>> Hover(name='Hover#4')
Leave() >>> Hover(name='Hover#4')
Enter() >>> Hover(name='Hover#2')
Leave() >>> Hover(name='Hover#2')
Enter() >>> Hover(name='Hover#1')
Leave() >>> Hover(name='Hover#1')
Enter() >>> Hover(name='Hover#2')
Leave() >>> Hover(name='Hover#2')
Enter() >>> Hover(name='Hover#1')
set_focus Hover(name='Hover#1')
MouseDown(x=31, y=2, button=1) >>> Hover(name='Hover#1')
MouseUp(x=31, y=2, button=1) >>> Hover(name='Hover#1')
Click(x=31, y=2, button=1) >>> Hover(name='Hover#1')
set_focus Hover(name='Hover#1')
MouseDown(x=29, y=1, button=1) >>> Hover(name='Hover#1')
MouseUp(x=29, y=1, button=1) >>> Hover(name='Hover#1')
Click(x=29, y=1, button=1) >>> Hover(name='Hover#1')
Leave() >>> Hover(name='Hover#1')
Enter() >>> Hover(name='Hover#2')
set_focus Hover(name='Hover#2')
MouseDown(x=27, y=2, screen_y=5, button=1) >>> Hover(name='Hover#2')
MouseUp(x=27, y=2, screen_y=5, button=1) >>> Hover(name='Hover#2')
Click(x=27, y=2, screen_y=5, button=1) >>> Hover(name='Hover#2')
Leave() >>> Hover(name='Hover#2')
Enter() >>> Hover(name='Hover#3')
Key(key='ctrl+c') >>> HoverApp(title='Textual Application')
ACTION HoverApp(title='Textual Application') quit
CLOSED HoverApp(title='Textual Application')
PROCESS END
